2024-07-15T17:59:54.301Z [32minfo[39m: ::1 - - [15/Jul/2024:17:59:54 +0000] "GET /skins HTTP/1.1" 200 187 "-" "PostmanRuntime/7.39.1"
2024-07-15T18:00:08.865Z [32minfo[39m: ::1 - - [15/Jul/2024:18:00:08 +0000] "GET /skins/669551c097bff040341c5a1 HTTP/1.1" 500 124 "-" "PostmanRuntime/7.39.1"
2024-07-15T18:00:29.122Z [32minfo[39m: ::1 - - [15/Jul/2024:18:00:29 +0000] "GET /skins/669551c097bff040341c5a1a HTTP/1.1" 404 34 "-" "PostmanRuntime/7.39.1"
2024-07-15T18:24:22.025Z [32minfo[39m: ::1 - - [15/Jul/2024:18:24:22 +0000] "POST /skins HTTP/1.1" 201 185 "-" "PostmanRuntime/7.39.1"
2024-07-15T18:27:45.217Z [32minfo[39m: ::1 - - [15/Jul/2024:18:27:45 +0000] "POST /skins HTTP/1.1" 201 185 "-" "PostmanRuntime/7.39.1"
2024-07-15T18:28:50.912Z [32minfo[39m: ::1 - - [15/Jul/2024:18:28:50 +0000] "POST /skins HTTP/1.1" 201 185 "-" "PostmanRuntime/7.39.1"
2024-07-15T18:31:43.225Z [32minfo[39m: ::1 - - [15/Jul/2024:18:31:43 +0000] "POST /skins HTTP/1.1" 201 185 "-" "PostmanRuntime/7.39.1"
2024-07-15T18:33:50.807Z [32minfo[39m: ::1 - - [15/Jul/2024:18:33:50 +0000] "GET /skins HTTP/1.1" 200 1861 "-" "PostmanRuntime/7.39.1"
2024-07-15T19:10:53.780Z [32minfo[39m: ::1 - - [15/Jul/2024:19:10:53 +0000] "GET /skins HTTP/1.1" 200 373 "-" "PostmanRuntime/7.39.1"
2024-07-15T19:11:06.758Z [32minfo[39m: ::1 - - [15/Jul/2024:19:11:06 +0000] "GET /skins/search?field=champion&value=akali HTTP/1.1" 500 107 "-" "PostmanRuntime/7.39.1"
2024-07-15T19:12:01.090Z [32minfo[39m: ::1 - - [15/Jul/2024:19:12:01 +0000] "GET /skins/search?field=champion&value=akali HTTP/1.1" 500 107 "-" "PostmanRuntime/7.39.1"
2024-07-15T19:12:31.249Z [32minfo[39m: ::1 - - [15/Jul/2024:19:12:31 +0000] "GET /skins HTTP/1.1" 200 373 "-" "PostmanRuntime/7.39.1"
2024-07-15T19:12:38.436Z [32minfo[39m: ::1 - - [15/Jul/2024:19:12:38 +0000] "GET /skins/66956cf93a158efc58bf60f5 HTTP/1.1" 200 185 "-" "PostmanRuntime/7.39.1"
2024-07-15T19:13:59.396Z [32minfo[39m: ::1 - - [15/Jul/2024:19:13:59 +0000] "GET /skins/search?field=champion&value=akali HTTP/1.1" 500 107 "-" "PostmanRuntime/7.39.1"
2024-07-15T19:16:16.574Z [32minfo[39m: ::1 - - [15/Jul/2024:19:16:16 +0000] "GET /skins/search?field=champion&value=akali HTTP/1.1" 500 107 "-" "PostmanRuntime/7.39.1"
2024-07-15T19:20:47.410Z [32minfo[39m: ::1 - - [15/Jul/2024:19:20:47 +0000] "GET /skins/search?field=champion&value=akali HTTP/1.1" 500 107 "-" "PostmanRuntime/7.39.1"
2024-07-15T19:21:25.033Z [32minfo[39m: ::1 - - [15/Jul/2024:19:21:25 +0000] "GET /skins/ HTTP/1.1" 200 373 "-" "PostmanRuntime/7.39.1"
2024-07-15T19:23:10.308Z [32minfo[39m: ::1 - - [15/Jul/2024:19:23:10 +0000] "GET /skins/search?field=champion&value=akali HTTP/1.1" 500 107 "-" "PostmanRuntime/7.39.1"
2024-07-15T19:27:42.990Z [32minfo[39m: ::1 - - [15/Jul/2024:19:27:42 +0000] "GET /skins/search?field=champion&value=akali HTTP/1.1" 200 187 "-" "PostmanRuntime/7.39.1"
2024-07-16T18:40:22.738Z [32minfo[39m: ::1 - - [16/Jul/2024:18:40:22 +0000] "GET /skin HTTP/1.1" 404 143 "-" "PostmanRuntime/7.39.1"
2024-07-16T18:40:31.067Z [32minfo[39m: ::1 - - [16/Jul/2024:18:40:31 +0000] "GET /skins HTTP/1.1" 200 2 "-" "PostmanRuntime/7.39.1"
2024-07-16T18:41:28.950Z [32minfo[39m: ::1 - - [16/Jul/2024:18:41:28 +0000] "GET /skins HTTP/1.1" 200 373 "-" "PostmanRuntime/7.39.1"
2024-07-16T18:42:59.363Z [32minfo[39m: ::1 - - [16/Jul/2024:18:42:59 +0000] "GET /skins/search?field=champion&value=akali HTTP/1.1" 200 187 "-" "PostmanRuntime/7.39.1"
2024-07-16T18:44:11.134Z [32minfo[39m: ::1 - - [16/Jul/2024:18:44:11 +0000] "GET /skins/search?field=price&min=500&max=200 HTTP/1.1" 400 42 "-" "PostmanRuntime/7.39.1"
2024-07-16T18:44:17.987Z [32minfo[39m: ::1 - - [16/Jul/2024:18:44:17 +0000] "GET /skins/search?field=price&min=500&max=2000 HTTP/1.1" 400 42 "-" "PostmanRuntime/7.39.1"
